<?xml version="1.0" encoding="UTF-8"?>
<!-- Generated by org.testng.reporters.JUnitXMLReporter -->
<testsuite ignored="0" hostname="LAPTOP-JI6I8DAU" failures="1" tests="1" name="Register Page Test" time="10.238" errors="0" timestamp="2024-12-09T21:52:42 COT">
  <testcase classname="testingforomi.RegisterUser.RegisterPageTest" name="TestRegister" time="2.066">
    <failure type="java.lang.AssertionError" message="El mensaje de error se mostró.">
      <![CDATA[java.lang.AssertionError: El mensaje de error se mostró.
at org.junit.Assert.fail(Assert.java:89)
at org.junit.Assert.assertTrue(Assert.java:42)
at org.junit.Assert.assertFalse(Assert.java:65)
at testingforomi.RegisterUser.RegisterPageTest.TestRegister(RegisterPageTest.java:27)
at java.base/java.util.ArrayList.forEach(ArrayList.java:1597)
... Removed 25 stack frames]]>
    </failure>
  </testcase> <!-- TestRegister -->
</testsuite> <!-- Register Page Test -->
