<?xml version="1.0" encoding="UTF-8"?>
<testng-results ignored="0" total="1" passed="1" failed="0" skipped="0">
  <reporter-output>
  </reporter-output>
  <suite started-at="2024-12-17T16:43:50 COT" name="Default suite" finished-at="2024-12-17T16:44:09 COT" duration-ms="19443">
    <groups>
    </groups>
    <test started-at="2024-12-17T16:43:50 COT" name="Default test" finished-at="2024-12-17T16:44:09 COT" duration-ms="19443">
      <class name="testingforomi.Shopping.ShoppingTest">
        <test-method is-config="true" signature="beforeClass()[pri:0, instance:testingforomi.Shopping.ShoppingTest@3e62d773]" started-at="2024-12-17T16:43:50 COT" name="beforeClass" finished-at="2024-12-17T16:43:54 COT" duration-ms="4524" status="PASS">
          <reporter-output>
          </reporter-output>
        </test-method> <!-- beforeClass -->
        <test-method signature="ShopTest()[pri:0, instance:testingforomi.Shopping.ShoppingTest@3e62d773]" started-at="2024-12-17T16:43:54 COT" name="ShopTest" finished-at="2024-12-17T16:44:06 COT" duration-ms="11557" status="PASS">
          <reporter-output>
          </reporter-output>
        </test-method> <!-- ShopTest -->
        <test-method is-config="true" signature="afterClass()[pri:0, instance:testingforomi.Shopping.ShoppingTest@3e62d773]" started-at="2024-12-17T16:44:06 COT" name="afterClass" finished-at="2024-12-17T16:44:09 COT" duration-ms="3232" status="PASS">
          <reporter-output>
          </reporter-output>
        </test-method> <!-- afterClass -->
      </class> <!-- testingforomi.Shopping.ShoppingTest -->
    </test> <!-- Default test -->
  </suite> <!-- Default suite -->
</testng-results>
