<?xml version="1.0" encoding="UTF-8"?>
<testng-results ignored="0" total="6" passed="6" failed="0" skipped="0">
  <reporter-output>
  </reporter-output>
  <suite started-at="2024-12-04T18:37:53 COT" name="SuiteEcommerce" finished-at="2024-12-04T18:38:48 COT" duration-ms="55373">
    <groups>
    </groups>
    <test started-at="2024-12-04T18:37:53 COT" name="Register Page Test" finished-at="2024-12-04T18:38:02 COT" duration-ms="9135">
      <class name="testingforomi.RegisterPageTest">
        <test-method is-config="true" signature="beforeClass()[pri:0, instance:testingforomi.RegisterPageTest@7bf9b098]" started-at="2024-12-04T18:37:53 COT" name="beforeClass" finished-at="2024-12-04T18:37:57 COT" duration-ms="4575" status="PASS">
          <reporter-output>
          </reporter-output>
        </test-method> <!-- beforeClass -->
        <test-method signature="TestRegister()[pri:0, instance:testingforomi.RegisterPageTest@7bf9b098]" started-at="2024-12-04T18:37:57 COT" name="TestRegister" finished-at="2024-12-04T18:37:59 COT" duration-ms="1381" status="PASS">
          <reporter-output>
          </reporter-output>
        </test-method> <!-- TestRegister -->
        <test-method is-config="true" signature="afterClass()[pri:0, instance:testingforomi.RegisterPageTest@7bf9b098]" started-at="2024-12-04T18:37:59 COT" name="afterClass" finished-at="2024-12-04T18:38:02 COT" duration-ms="3138" status="PASS">
          <reporter-output>
          </reporter-output>
        </test-method> <!-- afterClass -->
      </class> <!-- testingforomi.RegisterPageTest -->
    </test> <!-- Register Page Test -->
    <test started-at="2024-12-04T18:38:02 COT" name="Login Page Test" finished-at="2024-12-04T18:38:12 COT" duration-ms="10349">
      <class name="testingforomi.LoginPageTest">
        <test-method is-config="true" signature="beforeClass()[pri:0, instance:testingforomi.LoginPageTest@4108fa66]" started-at="2024-12-04T18:38:02 COT" name="beforeClass" finished-at="2024-12-04T18:38:05 COT" duration-ms="3536" status="PASS">
          <reporter-output>
          </reporter-output>
        </test-method> <!-- beforeClass -->
        <test-method signature="TestLogin()[pri:0, instance:testingforomi.LoginPageTest@4108fa66]" started-at="2024-12-04T18:38:05 COT" name="TestLogin" finished-at="2024-12-04T18:38:09 COT" duration-ms="3679" status="PASS">
          <reporter-output>
          </reporter-output>
        </test-method> <!-- TestLogin -->
        <test-method is-config="true" signature="afterClass()[pri:0, instance:testingforomi.LoginPageTest@4108fa66]" started-at="2024-12-04T18:38:09 COT" name="afterClass" finished-at="2024-12-04T18:38:12 COT" duration-ms="3126" status="PASS">
          <reporter-output>
          </reporter-output>
        </test-method> <!-- afterClass -->
      </class> <!-- testingforomi.LoginPageTest -->
    </test> <!-- Login Page Test -->
    <test started-at="2024-12-04T18:38:12 COT" name="Shopping Page Test" finished-at="2024-12-04T18:38:25 COT" duration-ms="12386">
      <class name="testingforomi.ShoppingTest">
        <test-method is-config="true" signature="beforeClass()[pri:0, instance:testingforomi.ShoppingTest@ecf9049]" started-at="2024-12-04T18:38:12 COT" name="beforeClass" finished-at="2024-12-04T18:38:16 COT" duration-ms="3787" status="PASS">
          <reporter-output>
          </reporter-output>
        </test-method> <!-- beforeClass -->
        <test-method signature="ShopTest()[pri:0, instance:testingforomi.ShoppingTest@ecf9049]" started-at="2024-12-04T18:38:16 COT" name="ShopTest" finished-at="2024-12-04T18:38:25 COT" duration-ms="8597" status="PASS">
          <reporter-output>
          </reporter-output>
        </test-method> <!-- ShopTest -->
        <test-method is-config="true" signature="afterClass()[pri:0, instance:testingforomi.ShoppingTest@ecf9049]" started-at="2024-12-04T18:38:25 COT" name="afterClass" finished-at="2024-12-04T18:38:25 COT" duration-ms="1" status="PASS">
          <reporter-output>
          </reporter-output>
        </test-method> <!-- afterClass -->
      </class> <!-- testingforomi.ShoppingTest -->
    </test> <!-- Shopping Page Test -->
    <test started-at="2024-12-04T18:38:25 COT" name="Rsponsive Menu Page Test" finished-at="2024-12-04T18:38:31 COT" duration-ms="6394">
      <class name="testingforomi.ResponsiveMenuPageTest">
        <test-method is-config="true" signature="beforeClass()[pri:0, instance:testingforomi.ResponsiveMenuPageTest@70d2e40b]" started-at="2024-12-04T18:38:25 COT" name="beforeClass" finished-at="2024-12-04T18:38:29 COT" duration-ms="4582" status="PASS">
          <reporter-output>
          </reporter-output>
        </test-method> <!-- beforeClass -->
        <test-method signature="MenuBurgerTesting()[pri:0, instance:testingforomi.ResponsiveMenuPageTest@70d2e40b]" started-at="2024-12-04T18:38:29 COT" name="MenuBurgerTesting" finished-at="2024-12-04T18:38:31 COT" duration-ms="1810" status="PASS">
          <reporter-output>
          </reporter-output>
        </test-method> <!-- MenuBurgerTesting -->
        <test-method is-config="true" signature="afterClass()[pri:0, instance:testingforomi.ResponsiveMenuPageTest@70d2e40b]" started-at="2024-12-04T18:38:31 COT" name="afterClass" finished-at="2024-12-04T18:38:31 COT" duration-ms="0" status="PASS">
          <reporter-output>
          </reporter-output>
        </test-method> <!-- afterClass -->
      </class> <!-- testingforomi.ResponsiveMenuPageTest -->
    </test> <!-- Rsponsive Menu Page Test -->
    <test started-at="2024-12-04T18:38:31 COT" name="Responsive Bouild Computer Page Test" finished-at="2024-12-04T18:38:38 COT" duration-ms="6994">
      <class name="testingforomi.BuildComputerTest">
        <test-method is-config="true" signature="beforeClass()[pri:0, instance:testingforomi.BuildComputerTest@7c18432b]" started-at="2024-12-04T18:38:31 COT" name="beforeClass" finished-at="2024-12-04T18:38:35 COT" duration-ms="4128" status="PASS">
          <reporter-output>
          </reporter-output>
        </test-method> <!-- beforeClass -->
        <test-method signature="MenuBurgerTesting()[pri:0, instance:testingforomi.BuildComputerTest@7c18432b]" started-at="2024-12-04T18:38:35 COT" name="MenuBurgerTesting" finished-at="2024-12-04T18:38:38 COT" duration-ms="2858" status="PASS">
          <reporter-output>
          </reporter-output>
        </test-method> <!-- MenuBurgerTesting -->
        <test-method is-config="true" signature="afterClass()[pri:0, instance:testingforomi.BuildComputerTest@7c18432b]" started-at="2024-12-04T18:38:38 COT" name="afterClass" finished-at="2024-12-04T18:38:38 COT" duration-ms="0" status="PASS">
          <reporter-output>
          </reporter-output>
        </test-method> <!-- afterClass -->
      </class> <!-- testingforomi.BuildComputerTest -->
    </test> <!-- Responsive Bouild Computer Page Test -->
    <test started-at="2024-12-04T18:38:38 COT" name="Responsive Advanced Search Page Test" finished-at="2024-12-04T18:38:48 COT" duration-ms="10011">
      <class name="testingforomi.AdvancedSearchTest">
        <test-method is-config="true" signature="beforeClass()[pri:0, instance:testingforomi.AdvancedSearchTest@2449cff7]" started-at="2024-12-04T18:38:38 COT" name="beforeClass" finished-at="2024-12-04T18:38:42 COT" duration-ms="4212" status="PASS">
          <reporter-output>
          </reporter-output>
        </test-method> <!-- beforeClass -->
        <test-method signature="AdvancedSearchTesting()[pri:0, instance:testingforomi.AdvancedSearchTest@2449cff7]" started-at="2024-12-04T18:38:42 COT" name="AdvancedSearchTesting" finished-at="2024-12-04T18:38:45 COT" duration-ms="2787" status="PASS">
          <reporter-output>
          </reporter-output>
        </test-method> <!-- AdvancedSearchTesting -->
        <test-method is-config="true" signature="afterClass()[pri:0, instance:testingforomi.AdvancedSearchTest@2449cff7]" started-at="2024-12-04T18:38:45 COT" name="afterClass" finished-at="2024-12-04T18:38:48 COT" duration-ms="3011" status="PASS">
          <reporter-output>
          </reporter-output>
        </test-method> <!-- afterClass -->
      </class> <!-- testingforomi.AdvancedSearchTest -->
    </test> <!-- Responsive Advanced Search Page Test -->
  </suite> <!-- SuiteEcommerce -->
</testng-results>
